<?xml version="1.0" encoding="UTF-8"?>
<testsuite name="RxJavaProj.AppTest" tests="1" skipped="0" failures="0" errors="0" timestamp="2021-09-21T06:08:01" hostname="Naima-Ali-TCE.local" time="0.002">
  <properties/>
  <testcase name="appHasAGreeting" classname="RxJavaProj.AppTest" time="0.002"/>
  <system-out><![CDATA[]]></system-out>
  <system-err><![CDATA[]]></system-err>
</testsuite>
